# JRE version: Java(TM) SE Runtime Environment (17.0.3.1+2) (build 17.0.3.1+2-LTS-6)
# Java VM: Java HotSpot(TM) 64-Bit Server VM (17.0.3.1+2-LTS-6, mixed mode, sharing, tiered, compressed oops, compressed class ptrs, g1 gc, windows-amd64)
GC Precious Log:
 CPUs: 4 total, 4 available
 Memory: 4010M
 Large Page Support: Disabled
 NUMA Support: Disabled
 Compressed Oops: Enabled (32-bit)
 Heap Region Size: 1M
 Heap Min Capacity: 8M
 Heap Initial Capacity: 64M
 Heap Max Capacity: 2G
 Pre-touch: Disabled
 Parallel Workers: 4
 Concurrent Workers: 1
 Concurrent Refinement Workers: 4
 Periodic GC: Disabled
Heap:
 garbage-first heap   total 311296K, used 251672K [0x0000000080000000, 0x0000000100000000)
  region size 1024K, 3 young (3072K), 3 survivors (3072K)
 Metaspace       used 107044K, committed 107904K, reserved 520192K
  class space    used 14152K, committed 14592K, reserved 421888K
GC Heap History (20 events):
Event: 161.796 GC heap after
{Heap after GC invocations=55 (full 0):
 garbage-first heap   total 311296K, used 188451K [0x0000000080000000, 0x0000000100000000)
  region size 1024K, 1 young (1024K), 1 survivors (1024K)
 Metaspace       used 100669K, committed 101504K, reserved 512000K
  class space    used 13430K, committed 13824K, reserved 421888K
}
Event: 165.762 GC heap before
{Heap before GC invocations=55 (full 0):
 garbage-first heap   total 311296K, used 267299K [0x0000000080000000, 0x0000000100000000)
  region size 1024K, 78 young (79872K), 1 survivors (1024K)
 Metaspace       used 100670K, committed 101504K, reserved 512000K
  class space    used 13430K, committed 13824K, reserved 421888K
}
Event: 165.763 GC heap after
{Heap after GC invocations=56 (full 0):
 garbage-first heap   total 311296K, used 188452K [0x0000000080000000, 0x0000000100000000)
  region size 1024K, 1 young (1024K), 1 survivors (1024K)
 Metaspace       used 100670K, committed 101504K, reserved 512000K
  class space    used 13430K, committed 13824K, reserved 421888K
}
Event: 170.106 GC heap before
{Heap before GC invocations=56 (full 0):
 garbage-first heap   total 311296K, used 269348K [0x0000000080000000, 0x0000000100000000)
  region size 1024K, 80 young (81920K), 1 survivors (1024K)
 Metaspace       used 100670K, committed 101504K, reserved 512000K
  class space    used 13430K, committed 13824K, reserved 421888K
}
Event: 170.108 GC heap after
{Heap after GC invocations=57 (full 0):
 garbage-first heap   total 311296K, used 188442K [0x0000000080000000, 0x0000000100000000)
  region size 1024K, 1 young (1024K), 1 survivors (1024K)
 Metaspace       used 100670K, committed 101504K, reserved 512000K
  class space    used 13430K, committed 13824K, reserved 421888K
}
Event: 178.900 GC heap before
{Heap before GC invocations=57 (full 0):
 garbage-first heap   total 311296K, used 287770K [0x0000000080000000, 0x0000000100000000)
  region size 1024K, 82 young (83968K), 1 survivors (1024K)
 Metaspace       used 105408K, committed 106304K, reserved 520192K
  class space    used 13973K, committed 14400K, reserved 421888K
}
Event: 179.007 GC heap after
{Heap after GC invocations=58 (full 0):
 garbage-first heap   total 311296K, used 194308K [0x0000000080000000, 0x0000000100000000)
  region size 1024K, 6 young (6144K), 6 survivors (6144K)
 Metaspace       used 105408K, committed 106304K, reserved 520192K
  class space    used 13973K, committed 14400K, reserved 421888K
}
Event: 179.628 GC heap before
{Heap before GC invocations=58 (full 0):
 garbage-first heap   total 311296K, used 250628K [0x0000000080000000, 0x0000000100000000)
  region size 1024K, 41 young (41984K), 6 survivors (6144K)
 Metaspace       used 106205K, committed 107072K, reserved 520192K
  class space    used 14079K, committed 14528K, reserved 421888K
}
Event: 179.722 GC heap after
{Heap after GC invocations=59 (full 0):
 garbage-first heap   total 311296K, used 205052K [0x0000000080000000, 0x0000000100000000)
  region size 1024K, 5 young (5120K), 5 survivors (5120K)
 Metaspace       used 106205K, committed 107072K, reserved 520192K
  class space    used 14079K, committed 14528K, reserved 421888K
}
Event: 180.332 GC heap before
{Heap before GC invocations=59 (full 0):
 garbage-first heap   total 311296K, used 248060K [0x0000000080000000, 0x0000000100000000)
  region size 1024K, 23 young (23552K), 5 survivors (5120K)
 Metaspace       used 106401K, committed 107264K, reserved 520192K
  class space    used 14100K, committed 14528K, reserved 421888K
}
Event: 180.377 GC heap after
{Heap after GC invocations=60 (full 0):
 garbage-first heap   total 311296K, used 216958K [0x0000000080000000, 0x0000000100000000)
  region size 1024K, 6 young (6144K), 6 survivors (6144K)
 Metaspace       used 106401K, committed 107264K, reserved 520192K
  class space    used 14100K, committed 14528K, reserved 421888K
}
Event: 181.168 GC heap before
{Heap before GC invocations=60 (full 0):
 garbage-first heap   total 311296K, used 253822K [0x0000000080000000, 0x0000000100000000)
  region size 1024K, 20 young (20480K), 6 survivors (6144K)
 Metaspace       used 106429K, committed 107264K, reserved 520192K
  class space    used 14100K, committed 14528K, reserved 421888K
}
Event: 181.347 GC heap after
{Heap after GC invocations=61 (full 0):
 garbage-first heap   total 311296K, used 225903K [0x0000000080000000, 0x0000000100000000)
  region size 1024K, 4 young (4096K), 4 survivors (4096K)
 Metaspace       used 106429K, committed 107264K, reserved 520192K
  class space    used 14100K, committed 14528K, reserved 421888K
}
Event: 181.778 GC heap before
{Heap before GC invocations=61 (full 0):
 garbage-first heap   total 311296K, used 255599K [0x0000000080000000, 0x0000000100000000)
  region size 1024K, 13 young (13312K), 4 survivors (4096K)
 Metaspace       used 106497K, committed 107328K, reserved 520192K
  class space    used 14102K, committed 14528K, reserved 421888K
}
Event: 181.786 GC heap after
{Heap after GC invocations=62 (full 0):
 garbage-first heap   total 311296K, used 233552K [0x0000000080000000, 0x0000000100000000)
  region size 1024K, 2 young (2048K), 2 survivors (2048K)
 Metaspace       used 106497K, committed 107328K, reserved 520192K
  class space    used 14102K, committed 14528K, reserved 421888K
}
Event: 182.148 GC heap before
{Heap before GC invocations=62 (full 0):
 garbage-first heap   total 311296K, used 272464K [0x0000000080000000, 0x0000000100000000)
  region size 1024K, 22 young (22528K), 2 survivors (2048K)
 Metaspace       used 106870K, committed 107712K, reserved 520192K
  class space    used 14128K, committed 14528K, reserved 421888K
}
Event: 182.153 GC heap after
{Heap after GC invocations=63 (full 0):
 garbage-first heap   total 311296K, used 241931K [0x0000000080000000, 0x0000000100000000)
  region size 1024K, 5 young (5120K), 5 survivors (5120K)
 Metaspace       used 106870K, committed 107712K, reserved 520192K
  class space    used 14128K, committed 14528K, reserved 421888K
}
Event: 182.344 GC heap before
{Heap before GC invocations=63 (full 0):
 garbage-first heap   total 311296K, used 268555K [0x0000000080000000, 0x0000000100000000)
  region size 1024K, 13 young (13312K), 5 survivors (5120K)
 Metaspace       used 106935K, committed 107776K, reserved 520192K
  class space    used 14135K, committed 14528K, reserved 421888K
}
Event: 182.355 GC heap after
{Heap after GC invocations=64 (full 0):
 garbage-first heap   total 311296K, used 247844K [0x0000000080000000, 0x0000000100000000)
  region size 1024K, 2 young (2048K), 2 survivors (2048K)
 Metaspace       used 106935K, committed 107776K, reserved 520192K
  class space    used 14135K, committed 14528K, reserved 421888K
}
Event: 182.523 GC heap before
{Heap before GC invocations=64 (full 0):
 garbage-first heap   total 311296K, used 269348K [0x0000000080000000, 0x0000000100000000)
  region size 1024K, 9 young (9216K), 2 survivors (2048K)
 Metaspace       used 107044K, committed 107904K, reserved 520192K
  class space    used 14152K, committed 14592K, reserved 421888K
}

