# JRE version: Java(TM) SE Runtime Environment (17.0.3.1+2) (build 17.0.3.1+2-LTS-6)
# Java VM: Java HotSpot(TM) 64-Bit Server VM (17.0.3.1+2-LTS-6, mixed mode, sharing, tiered, compressed oops, compressed class ptrs, g1 gc, windows-amd64)
GC Precious Log:
 CPUs: 4 total, 4 available
 Memory: 4010M
 Large Page Support: Disabled
 NUMA Support: Disabled
 Compressed Oops: Enabled (32-bit)
 Heap Region Size: 1M
 Heap Min Capacity: 8M
 Heap Initial Capacity: 64M
 Heap Max Capacity: 2G
 Pre-touch: Disabled
 Parallel Workers: 4
 Concurrent Workers: 1
 Concurrent Refinement Workers: 4
 Periodic GC: Disabled
Heap:
 garbage-first heap   total 308224K, used 140723K [0x0000000080000000, 0x0000000100000000)
  region size 1024K, 2 young (2048K), 2 survivors (2048K)
 Metaspace       used 83910K, committed 84736K, reserved 495616K
  class space    used 11179K, committed 11520K, reserved 421888K
GC Heap History (20 events):
Event: 43.263 GC heap after
{Heap after GC invocations=34 (full 0):
 garbage-first heap   total 139264K, used 73490K [0x0000000080000000, 0x0000000100000000)
  region size 1024K, 1 young (1024K), 1 survivors (1024K)
 Metaspace       used 69650K, committed 70336K, reserved 487424K
  class space    used 9499K, committed 9792K, reserved 421888K
}
Event: 1175.833 GC heap before
{Heap before GC invocations=34 (full 0):
 garbage-first heap   total 139264K, used 110354K [0x0000000080000000, 0x0000000100000000)
  region size 1024K, 38 young (38912K), 1 survivors (1024K)
 Metaspace       used 70694K, committed 71424K, reserved 487424K
  class space    used 9606K, committed 9920K, reserved 421888K
}
Event: 1176.106 GC heap after
{Heap after GC invocations=35 (full 0):
 garbage-first heap   total 139264K, used 73546K [0x0000000080000000, 0x0000000100000000)
  region size 1024K, 1 young (1024K), 1 survivors (1024K)
 Metaspace       used 70694K, committed 71424K, reserved 487424K
  class space    used 9606K, committed 9920K, reserved 421888K
}
Event: 1728.863 GC heap before
{Heap before GC invocations=36 (full 0):
 garbage-first heap   total 139264K, used 112458K [0x0000000080000000, 0x0000000100000000)
  region size 1024K, 39 young (39936K), 1 survivors (1024K)
 Metaspace       used 71130K, committed 71936K, reserved 487424K
  class space    used 9624K, committed 9984K, reserved 421888K
}
Event: 1728.902 GC heap after
{Heap after GC invocations=37 (full 0):
 garbage-first heap   total 308224K, used 76656K [0x0000000080000000, 0x0000000100000000)
  region size 1024K, 4 young (4096K), 4 survivors (4096K)
 Metaspace       used 71130K, committed 71936K, reserved 487424K
  class space    used 9624K, committed 9984K, reserved 421888K
}
Event: 1729.826 GC heap before
{Heap before GC invocations=37 (full 0):
 garbage-first heap   total 308224K, used 86896K [0x0000000080000000, 0x0000000100000000)
  region size 1024K, 15 young (15360K), 4 survivors (4096K)
 Metaspace       used 71527K, committed 72256K, reserved 487424K
  class space    used 9669K, committed 9984K, reserved 421888K
}
Event: 1729.882 GC heap after
{Heap after GC invocations=38 (full 0):
 garbage-first heap   total 308224K, used 77090K [0x0000000080000000, 0x0000000100000000)
  region size 1024K, 2 young (2048K), 2 survivors (2048K)
 Metaspace       used 71527K, committed 72256K, reserved 487424K
  class space    used 9669K, committed 9984K, reserved 421888K
}
Event: 1746.335 GC heap before
{Heap before GC invocations=38 (full 0):
 garbage-first heap   total 308224K, used 94498K [0x0000000080000000, 0x0000000100000000)
  region size 1024K, 20 young (20480K), 2 survivors (2048K)
 Metaspace       used 75198K, committed 75968K, reserved 495616K
  class space    used 10184K, committed 10560K, reserved 421888K
}
Event: 1746.345 GC heap after
{Heap after GC invocations=39 (full 0):
 garbage-first heap   total 308224K, used 78186K [0x0000000080000000, 0x0000000100000000)
  region size 1024K, 3 young (3072K), 3 survivors (3072K)
 Metaspace       used 75198K, committed 75968K, reserved 495616K
  class space    used 10184K, committed 10560K, reserved 421888K
}
Event: 1750.181 GC heap before
{Heap before GC invocations=40 (full 0):
 garbage-first heap   total 301056K, used 201066K [0x0000000080000000, 0x0000000100000000)
  region size 1024K, 106 young (108544K), 3 survivors (3072K)
 Metaspace       used 83184K, committed 84032K, reserved 495616K
  class space    used 11107K, committed 11456K, reserved 421888K
}
Event: 1750.232 GC heap after
{Heap after GC invocations=41 (full 0):
 garbage-first heap   total 301056K, used 115033K [0x0000000080000000, 0x0000000100000000)
  region size 1024K, 14 young (14336K), 14 survivors (14336K)
 Metaspace       used 83184K, committed 84032K, reserved 495616K
  class space    used 11107K, committed 11456K, reserved 421888K
}
Event: 1750.272 GC heap before
{Heap before GC invocations=41 (full 0):
 garbage-first heap   total 301056K, used 116057K [0x0000000080000000, 0x0000000100000000)
  region size 1024K, 15 young (15360K), 14 survivors (14336K)
 Metaspace       used 83225K, committed 84096K, reserved 495616K
  class space    used 11115K, committed 11456K, reserved 421888K
}
Event: 1750.303 GC heap after
{Heap after GC invocations=42 (full 0):
 garbage-first heap   total 301056K, used 116151K [0x0000000080000000, 0x0000000100000000)
  region size 1024K, 2 young (2048K), 2 survivors (2048K)
 Metaspace       used 83225K, committed 84096K, reserved 495616K
  class space    used 11115K, committed 11456K, reserved 421888K
}
Event: 1750.974 GC heap before
{Heap before GC invocations=42 (full 0):
 garbage-first heap   total 301056K, used 134583K [0x0000000080000000, 0x0000000100000000)
  region size 1024K, 22 young (22528K), 2 survivors (2048K)
 Metaspace       used 83879K, committed 84736K, reserved 495616K
  class space    used 11173K, committed 11520K, reserved 421888K
}
Event: 1750.987 GC heap after
{Heap after GC invocations=43 (full 0):
 garbage-first heap   total 301056K, used 112064K [0x0000000080000000, 0x0000000100000000)
  region size 1024K, 4 young (4096K), 4 survivors (4096K)
 Metaspace       used 83879K, committed 84736K, reserved 495616K
  class space    used 11173K, committed 11520K, reserved 421888K
}
Event: 1751.721 GC heap before
{Heap before GC invocations=44 (full 0):
 garbage-first heap   total 301056K, used 211392K [0x0000000080000000, 0x0000000100000000)
  region size 1024K, 97 young (99328K), 4 survivors (4096K)
 Metaspace       used 83910K, committed 84736K, reserved 495616K
  class space    used 11179K, committed 11520K, reserved 421888K
}
Event: 1751.802 GC heap after
{Heap after GC invocations=45 (full 0):
 garbage-first heap   total 301056K, used 145535K [0x0000000080000000, 0x0000000100000000)
  region size 1024K, 13 young (13312K), 13 survivors (13312K)
 Metaspace       used 83910K, committed 84736K, reserved 495616K
  class space    used 11179K, committed 11520K, reserved 421888K
}
Event: 1751.826 GC heap before
{Heap before GC invocations=45 (full 0):
 garbage-first heap   total 301056K, used 146559K [0x0000000080000000, 0x0000000100000000)
  region size 1024K, 14 young (14336K), 13 survivors (13312K)
 Metaspace       used 83910K, committed 84736K, reserved 495616K
  class space    used 11179K, committed 11520K, reserved 421888K
}
Event: 1751.878 GC heap after
{Heap after GC invocations=46 (full 0):
 garbage-first heap   total 301056K, used 141417K [0x0000000080000000, 0x0000000100000000)
  region size 1024K, 2 young (2048K), 2 survivors (2048K)
 Metaspace       used 83910K, committed 84736K, reserved 495616K
  class space    used 11179K, committed 11520K, reserved 421888K
}
Event: 1751.879 GC heap before
{Heap before GC invocations=46 (full 0):
 garbage-first heap   total 301056K, used 141417K [0x0000000080000000, 0x0000000100000000)
  region size 1024K, 3 young (3072K), 2 survivors (2048K)
 Metaspace       used 83910K, committed 84736K, reserved 495616K
  class space    used 11179K, committed 11520K, reserved 421888K
}

