# JRE version: Java(TM) SE Runtime Environment (17.0.3.1+2) (build 17.0.3.1+2-LTS-6)
# Java VM: Java HotSpot(TM) 64-Bit Server VM (17.0.3.1+2-LTS-6, mixed mode, sharing, tiered, compressed oops, compressed class ptrs, g1 gc, windows-amd64)
GC Precious Log:
 CPUs: 4 total, 4 available
 Memory: 4010M
 Large Page Support: Disabled
 NUMA Support: Disabled
 Compressed Oops: Enabled (32-bit)
 Heap Region Size: 1M
 Heap Min Capacity: 8M
 Heap Initial Capacity: 64M
 Heap Max Capacity: 2G
 Pre-touch: Disabled
 Parallel Workers: 4
 Concurrent Workers: 1
 Concurrent Refinement Workers: 4
 Periodic GC: Disabled
Heap:
 garbage-first heap   total 488448K, used 273155K [0x0000000080000000, 0x0000000100000000)
  region size 1024K, 13 young (13312K), 13 survivors (13312K)
 Metaspace       used 153454K, committed 154880K, reserved 561152K
  class space    used 20144K, committed 20800K, reserved 421888K
GC Heap History (20 events):
Event: 809.099 GC heap after
{Heap after GC invocations=70 (full 0):
 garbage-first heap   total 382976K, used 217002K [0x0000000080000000, 0x0000000100000000)
  region size 1024K, 3 young (3072K), 3 survivors (3072K)
 Metaspace       used 135283K, committed 136576K, reserved 544768K
  class space    used 17666K, committed 18240K, reserved 421888K
}
Event: 812.058 GC heap before
{Heap before GC invocations=70 (full 0):
 garbage-first heap   total 382976K, used 310186K [0x0000000080000000, 0x0000000100000000)
  region size 1024K, 95 young (97280K), 3 survivors (3072K)
 Metaspace       used 135611K, committed 136960K, reserved 544768K
  class space    used 17678K, committed 18304K, reserved 421888K
}
Event: 812.097 GC heap after
{Heap after GC invocations=71 (full 0):
 garbage-first heap   total 382976K, used 221893K [0x0000000080000000, 0x0000000100000000)
  region size 1024K, 8 young (8192K), 8 survivors (8192K)
 Metaspace       used 135611K, committed 136960K, reserved 544768K
  class space    used 17678K, committed 18304K, reserved 421888K
}
Event: 812.669 GC heap before
{Heap before GC invocations=71 (full 0):
 garbage-first heap   total 382976K, used 274117K [0x0000000080000000, 0x0000000100000000)
  region size 1024K, 61 young (62464K), 8 survivors (8192K)
 Metaspace       used 135678K, committed 137024K, reserved 544768K
  class space    used 17689K, committed 18304K, reserved 421888K
}
Event: 812.688 GC heap after
{Heap after GC invocations=72 (full 0):
 garbage-first heap   total 382976K, used 222207K [0x0000000080000000, 0x0000000100000000)
  region size 1024K, 6 young (6144K), 6 survivors (6144K)
 Metaspace       used 135678K, committed 137024K, reserved 544768K
  class space    used 17689K, committed 18304K, reserved 421888K
}
Event: 815.029 GC heap before
{Heap before GC invocations=73 (full 0):
 garbage-first heap   total 454656K, used 320511K [0x0000000080000000, 0x0000000100000000)
  region size 1024K, 95 young (97280K), 6 survivors (6144K)
 Metaspace       used 139544K, committed 140864K, reserved 544768K
  class space    used 18237K, committed 18816K, reserved 421888K
}
Event: 815.096 GC heap after
{Heap after GC invocations=74 (full 0):
 garbage-first heap   total 454656K, used 244388K [0x0000000080000000, 0x0000000100000000)
  region size 1024K, 12 young (12288K), 12 survivors (12288K)
 Metaspace       used 139544K, committed 140864K, reserved 544768K
  class space    used 18237K, committed 18816K, reserved 421888K
}
Event: 815.264 GC heap before
{Heap before GC invocations=74 (full 0):
 garbage-first heap   total 454656K, used 254628K [0x0000000080000000, 0x0000000100000000)
  region size 1024K, 22 young (22528K), 12 survivors (12288K)
 Metaspace       used 140183K, committed 141504K, reserved 544768K
  class space    used 18337K, committed 18944K, reserved 421888K
}
Event: 815.337 GC heap after
{Heap after GC invocations=75 (full 0):
 garbage-first heap   total 454656K, used 244503K [0x0000000080000000, 0x0000000100000000)
  region size 1024K, 3 young (3072K), 3 survivors (3072K)
 Metaspace       used 140183K, committed 141504K, reserved 544768K
  class space    used 18337K, committed 18944K, reserved 421888K
}
Event: 818.625 GC heap before
{Heap before GC invocations=75 (full 0):
 garbage-first heap   total 454656K, used 363287K [0x0000000080000000, 0x0000000100000000)
  region size 1024K, 120 young (122880K), 3 survivors (3072K)
 Metaspace       used 147304K, committed 148672K, reserved 552960K
  class space    used 19409K, committed 20032K, reserved 421888K
}
Event: 818.668 GC heap after
{Heap after GC invocations=76 (full 0):
 garbage-first heap   total 454656K, used 254949K [0x0000000080000000, 0x0000000100000000)
  region size 1024K, 14 young (14336K), 14 survivors (14336K)
 Metaspace       used 147304K, committed 148672K, reserved 552960K
  class space    used 19409K, committed 20032K, reserved 421888K
}
Event: 821.007 GC heap before
{Heap before GC invocations=76 (full 0):
 garbage-first heap   total 454656K, used 368613K [0x0000000080000000, 0x0000000100000000)
  region size 1024K, 125 young (128000K), 14 survivors (14336K)
 Metaspace       used 149577K, committed 150976K, reserved 552960K
  class space    used 19684K, committed 20288K, reserved 421888K
}
Event: 821.074 GC heap after
{Heap after GC invocations=77 (full 0):
 garbage-first heap   total 454656K, used 260832K [0x0000000080000000, 0x0000000100000000)
  region size 1024K, 7 young (7168K), 7 survivors (7168K)
 Metaspace       used 149577K, committed 150976K, reserved 552960K
  class space    used 19684K, committed 20288K, reserved 421888K
}
Event: 823.080 GC heap before
{Heap before GC invocations=77 (full 0):
 garbage-first heap   total 454656K, used 372448K [0x0000000080000000, 0x0000000100000000)
  region size 1024K, 117 young (119808K), 7 survivors (7168K)
 Metaspace       used 150271K, committed 151616K, reserved 561152K
  class space    used 19696K, committed 20288K, reserved 421888K
}
Event: 823.110 GC heap after
{Heap after GC invocations=78 (full 0):
 garbage-first heap   total 454656K, used 264105K [0x0000000080000000, 0x0000000100000000)
  region size 1024K, 10 young (10240K), 10 survivors (10240K)
 Metaspace       used 150271K, committed 151616K, reserved 561152K
  class space    used 19696K, committed 20288K, reserved 421888K
}
Event: 827.216 GC heap before
{Heap before GC invocations=79 (full 0):
 garbage-first heap   total 488448K, used 373673K [0x0000000080000000, 0x0000000100000000)
  region size 1024K, 119 young (121856K), 10 survivors (10240K)
 Metaspace       used 150673K, committed 152000K, reserved 561152K
  class space    used 19704K, committed 20288K, reserved 421888K
}
Event: 827.269 GC heap after
{Heap after GC invocations=80 (full 0):
 garbage-first heap   total 488448K, used 266055K [0x0000000080000000, 0x0000000100000000)
  region size 1024K, 9 young (9216K), 9 survivors (9216K)
 Metaspace       used 150673K, committed 152000K, reserved 561152K
  class space    used 19704K, committed 20288K, reserved 421888K
}
Event: 827.566 GC heap before
{Heap before GC invocations=80 (full 0):
 garbage-first heap   total 488448K, used 281415K [0x0000000080000000, 0x0000000100000000)
  region size 1024K, 23 young (23552K), 9 survivors (9216K)
 Metaspace       used 150799K, committed 152192K, reserved 561152K
  class space    used 19717K, committed 20352K, reserved 421888K
}
Event: 827.616 GC heap after
{Heap after GC invocations=81 (full 0):
 garbage-first heap   total 488448K, used 262800K [0x0000000080000000, 0x0000000100000000)
  region size 1024K, 3 young (3072K), 3 survivors (3072K)
 Metaspace       used 150799K, committed 152192K, reserved 561152K
  class space    used 19717K, committed 20352K, reserved 421888K
}
Event: 831.766 GC heap before
{Heap before GC invocations=81 (full 0):
 garbage-first heap   total 488448K, used 401040K [0x0000000080000000, 0x0000000100000000)
  region size 1024K, 139 young (142336K), 3 survivors (3072K)
 Metaspace       used 153454K, committed 154880K, reserved 561152K
  class space    used 20144K, committed 20800K, reserved 421888K
}

