# JRE version: OpenJDK Runtime Environment (11.0.12+7) (build 11.0.12+7-b1504.28-7817840)
# Java VM: OpenJDK 64-Bit Server VM (11.0.12+7-b1504.28-7817840, mixed mode, tiered, compressed oops, g1 gc, windows-amd64)
Heap:
 garbage-first heap   total 263168K, used 159099K [0x0000000080000000, 0x0000000100000000)
  region size 1024K, 16 young (16384K), 1 survivors (1024K)
 Metaspace       used 85117K, capacity 88102K, committed 88448K, reserved 593920K
  class space    used 10991K, capacity 12066K, committed 12160K, reserved 516096K
GC Heap History (20 events):
Event: 98.204 GC heap before
{Heap before GC invocations=78 (full 0):
 garbage-first heap   total 172032K, used 113174K [0x0000000080000000, 0x0000000100000000)
  region size 1024K, 7 young (7168K), 2 survivors (2048K)
 Metaspace       used 84133K, capacity 86892K, committed 87040K, reserved 591872K
  class space    used 10893K, capacity 11954K, committed 12032K, reserved 516096K
}
Event: 98.214 GC heap after
{Heap after GC invocations=79 (full 0):
 garbage-first heap   total 172032K, used 111294K [0x0000000080000000, 0x0000000100000000)
  region size 1024K, 2 young (2048K), 2 survivors (2048K)
 Metaspace       used 84133K, capacity 86892K, committed 87040K, reserved 591872K
  class space    used 10893K, capacity 11954K, committed 12032K, reserved 516096K
}
Event: 98.722 GC heap before
{Heap before GC invocations=80 (full 0):
 garbage-first heap   total 172032K, used 127678K [0x0000000080000000, 0x0000000100000000)
  region size 1024K, 20 young (20480K), 2 survivors (2048K)
 Metaspace       used 84173K, capacity 86959K, committed 87040K, reserved 591872K
  class space    used 10897K, capacity 11955K, committed 12032K, reserved 516096K
}
Event: 98.747 GC heap after
{Heap after GC invocations=81 (full 0):
 garbage-first heap   total 172032K, used 117443K [0x0000000080000000, 0x0000000100000000)
  region size 1024K, 3 young (3072K), 3 survivors (3072K)
 Metaspace       used 84173K, capacity 86959K, committed 87040K, reserved 591872K
  class space    used 10897K, capacity 11955K, committed 12032K, reserved 516096K
}
Event: 98.799 GC heap before
{Heap before GC invocations=81 (full 0):
 garbage-first heap   total 172032K, used 122563K [0x0000000080000000, 0x0000000100000000)
  region size 1024K, 8 young (8192K), 3 survivors (3072K)
 Metaspace       used 84173K, capacity 86959K, committed 87040K, reserved 591872K
  class space    used 10897K, capacity 11955K, committed 12032K, reserved 516096K
}
Event: 98.814 GC heap after
{Heap after GC invocations=82 (full 0):
 garbage-first heap   total 172032K, used 115922K [0x0000000080000000, 0x0000000100000000)
  region size 1024K, 1 young (1024K), 1 survivors (1024K)
 Metaspace       used 84173K, capacity 86959K, committed 87040K, reserved 591872K
  class space    used 10897K, capacity 11955K, committed 12032K, reserved 516096K
}
Event: 98.952 GC heap before
{Heap before GC invocations=82 (full 0):
 garbage-first heap   total 172032K, used 124114K [0x0000000080000000, 0x0000000100000000)
  region size 1024K, 10 young (10240K), 1 survivors (1024K)
 Metaspace       used 84173K, capacity 86959K, committed 87040K, reserved 591872K
  class space    used 10897K, capacity 11955K, committed 12032K, reserved 516096K
}
Event: 98.971 GC heap after
{Heap after GC invocations=83 (full 0):
 garbage-first heap   total 172032K, used 121244K [0x0000000080000000, 0x0000000100000000)
  region size 1024K, 3 young (3072K), 3 survivors (3072K)
 Metaspace       used 84173K, capacity 86959K, committed 87040K, reserved 591872K
  class space    used 10897K, capacity 11955K, committed 12032K, reserved 516096K
}
Event: 99.532 GC heap before
{Heap before GC invocations=84 (full 0):
 garbage-first heap   total 172032K, used 134556K [0x0000000080000000, 0x0000000100000000)
  region size 1024K, 16 young (16384K), 3 survivors (3072K)
 Metaspace       used 84180K, capacity 86959K, committed 87040K, reserved 591872K
  class space    used 10897K, capacity 11955K, committed 12032K, reserved 516096K
}
Event: 99.565 GC heap after
{Heap after GC invocations=85 (full 0):
 garbage-first heap   total 206848K, used 129825K [0x0000000080000000, 0x0000000100000000)
  region size 1024K, 2 young (2048K), 2 survivors (2048K)
 Metaspace       used 84180K, capacity 86959K, committed 87040K, reserved 591872K
  class space    used 10897K, capacity 11955K, committed 12032K, reserved 516096K
}
Event: 99.702 GC heap before
{Heap before GC invocations=85 (full 0):
 garbage-first heap   total 206848K, used 138017K [0x0000000080000000, 0x0000000100000000)
  region size 1024K, 10 young (10240K), 2 survivors (2048K)
 Metaspace       used 84180K, capacity 86959K, committed 87040K, reserved 591872K
  class space    used 10897K, capacity 11955K, committed 12032K, reserved 516096K
}
Event: 99.718 GC heap after
{Heap after GC invocations=86 (full 0):
 garbage-first heap   total 206848K, used 127324K [0x0000000080000000, 0x0000000100000000)
  region size 1024K, 2 young (2048K), 2 survivors (2048K)
 Metaspace       used 84180K, capacity 86959K, committed 87040K, reserved 591872K
  class space    used 10897K, capacity 11955K, committed 12032K, reserved 516096K
}
Event: 100.115 GC heap before
{Heap before GC invocations=86 (full 0):
 garbage-first heap   total 206848K, used 145756K [0x0000000080000000, 0x0000000100000000)
  region size 1024K, 21 young (21504K), 2 survivors (2048K)
 Metaspace       used 84201K, capacity 86995K, committed 87040K, reserved 591872K
  class space    used 10900K, capacity 11988K, committed 12032K, reserved 516096K
}
Event: 100.145 GC heap after
{Heap after GC invocations=87 (full 0):
 garbage-first heap   total 206848K, used 134322K [0x0000000080000000, 0x0000000100000000)
  region size 1024K, 3 young (3072K), 3 survivors (3072K)
 Metaspace       used 84201K, capacity 86995K, committed 87040K, reserved 591872K
  class space    used 10900K, capacity 11988K, committed 12032K, reserved 516096K
}
Event: 100.503 GC heap before
{Heap before GC invocations=87 (full 0):
 garbage-first heap   total 206848K, used 153778K [0x0000000080000000, 0x0000000100000000)
  region size 1024K, 22 young (22528K), 3 survivors (3072K)
 Metaspace       used 84243K, capacity 87069K, committed 87296K, reserved 591872K
  class space    used 10907K, capacity 11991K, committed 12032K, reserved 516096K
}
Event: 100.540 GC heap after
{Heap after GC invocations=88 (full 0):
 garbage-first heap   total 206848K, used 144870K [0x0000000080000000, 0x0000000100000000)
  region size 1024K, 3 young (3072K), 3 survivors (3072K)
 Metaspace       used 84243K, capacity 87069K, committed 87296K, reserved 591872K
  class space    used 10907K, capacity 11991K, committed 12032K, reserved 516096K
}
Event: 102.182 GC heap before
{Heap before GC invocations=89 (full 0):
 garbage-first heap   total 206848K, used 149990K [0x0000000080000000, 0x0000000100000000)
  region size 1024K, 19 young (19456K), 3 survivors (3072K)
 Metaspace       used 84438K, capacity 87188K, committed 87296K, reserved 591872K
  class space    used 10928K, capacity 12004K, committed 12032K, reserved 516096K
}
Event: 102.220 GC heap after
{Heap after GC invocations=90 (full 0):
 garbage-first heap   total 263168K, used 143097K [0x0000000080000000, 0x0000000100000000)
  region size 1024K, 3 young (3072K), 3 survivors (3072K)
 Metaspace       used 84438K, capacity 87188K, committed 87296K, reserved 591872K
  class space    used 10928K, capacity 12004K, committed 12032K, reserved 516096K
}
Event: 104.190 GC heap before
{Heap before GC invocations=90 (full 0):
 garbage-first heap   total 263168K, used 152313K [0x0000000080000000, 0x0000000100000000)
  region size 1024K, 12 young (12288K), 3 survivors (3072K)
 Metaspace       used 84882K, capacity 87744K, committed 87936K, reserved 591872K
  class space    used 10977K, capacity 12057K, committed 12160K, reserved 516096K
}
Event: 104.205 GC heap after
{Heap after GC invocations=91 (full 0):
 garbage-first heap   total 263168K, used 143739K [0x0000000080000000, 0x0000000100000000)
  region size 1024K, 1 young (1024K), 1 survivors (1024K)
 Metaspace       used 84882K, capacity 87744K, committed 87936K, reserved 591872K
  class space    used 10977K, capacity 12057K, committed 12160K, reserved 516096K
}

