# JRE version: Java(TM) SE Runtime Environment (17.0.3.1+2) (build 17.0.3.1+2-LTS-6)
# Java VM: Java HotSpot(TM) 64-Bit Server VM (17.0.3.1+2-LTS-6, mixed mode, sharing, tiered, compressed oops, compressed class ptrs, g1 gc, windows-amd64)
GC Precious Log:
 CPUs: 4 total, 4 available
 Memory: 4010M
 Large Page Support: Disabled
 NUMA Support: Disabled
 Compressed Oops: Enabled (32-bit)
 Heap Region Size: 1M
 Heap Min Capacity: 8M
 Heap Initial Capacity: 64M
 Heap Max Capacity: 1004M
 Pre-touch: Disabled
 Parallel Workers: 4
 Concurrent Workers: 1
 Concurrent Refinement Workers: 4
 Periodic GC: Disabled
Heap:
 garbage-first heap   total 143360K, used 67584K [0x00000000c1400000, 0x0000000100000000)
  region size 1024K, 6 young (6144K), 4 survivors (4096K)
 Metaspace       used 55046K, committed 55360K, reserved 1097728K
  class space    used 6460K, committed 6592K, reserved 1048576K
GC Heap History (20 events):
Event: 4.758 GC heap before
{Heap before GC invocations=6 (full 0):
 garbage-first heap   total 65536K, used 46196K [0x00000000c1400000, 0x0000000100000000)
  region size 1024K, 19 young (19456K), 2 survivors (2048K)
 Metaspace       used 25284K, committed 25472K, reserved 1073152K
  class space    used 3212K, committed 3264K, reserved 1048576K
}
Event: 4.765 GC heap after
{Heap after GC invocations=7 (full 0):
 garbage-first heap   total 65536K, used 27527K [0x00000000c1400000, 0x0000000100000000)
  region size 1024K, 3 young (3072K), 3 survivors (3072K)
 Metaspace       used 25284K, committed 25472K, reserved 1073152K
  class space    used 3212K, committed 3264K, reserved 1048576K
}
Event: 4.804 GC heap before
{Heap before GC invocations=7 (full 0):
 garbage-first heap   total 65536K, used 27527K [0x00000000c1400000, 0x0000000100000000)
  region size 1024K, 4 young (4096K), 3 survivors (3072K)
 Metaspace       used 25536K, committed 25728K, reserved 1073152K
  class space    used 3235K, committed 3328K, reserved 1048576K
}
Event: 4.816 GC heap after
{Heap after GC invocations=8 (full 0):
 garbage-first heap   total 65536K, used 27749K [0x00000000c1400000, 0x0000000100000000)
  region size 1024K, 1 young (1024K), 1 survivors (1024K)
 Metaspace       used 25536K, committed 25728K, reserved 1073152K
  class space    used 3235K, committed 3328K, reserved 1048576K
}
Event: 5.402 GC heap before
{Heap before GC invocations=8 (full 0):
 garbage-first heap   total 65536K, used 46181K [0x00000000c1400000, 0x0000000100000000)
  region size 1024K, 20 young (20480K), 1 survivors (1024K)
 Metaspace       used 29323K, committed 29440K, reserved 1081344K
  class space    used 3673K, committed 3712K, reserved 1048576K
}
Event: 5.409 GC heap after
{Heap after GC invocations=9 (full 0):
 garbage-first heap   total 118784K, used 29710K [0x00000000c1400000, 0x0000000100000000)
  region size 1024K, 3 young (3072K), 3 survivors (3072K)
 Metaspace       used 29323K, committed 29440K, reserved 1081344K
  class space    used 3673K, committed 3712K, reserved 1048576K
}
Event: 6.893 GC heap before
{Heap before GC invocations=9 (full 0):
 garbage-first heap   total 118784K, used 62478K [0x00000000c1400000, 0x0000000100000000)
  region size 1024K, 34 young (34816K), 3 survivors (3072K)
 Metaspace       used 36002K, committed 36160K, reserved 1081344K
  class space    used 4478K, committed 4544K, reserved 1048576K
}
Event: 6.916 GC heap after
{Heap after GC invocations=10 (full 0):
 garbage-first heap   total 118784K, used 35394K [0x00000000c1400000, 0x0000000100000000)
  region size 1024K, 6 young (6144K), 6 survivors (6144K)
 Metaspace       used 36002K, committed 36160K, reserved 1081344K
  class space    used 4478K, committed 4544K, reserved 1048576K
}
Event: 8.715 GC heap before
{Heap before GC invocations=11 (full 0):
 garbage-first heap   total 118784K, used 78402K [0x00000000c1400000, 0x0000000100000000)
  region size 1024K, 48 young (49152K), 6 survivors (6144K)
 Metaspace       used 41025K, committed 41280K, reserved 1089536K
  class space    used 4980K, committed 5120K, reserved 1048576K
}
Event: 8.745 GC heap after
{Heap after GC invocations=12 (full 0):
 garbage-first heap   total 118784K, used 40097K [0x00000000c1400000, 0x0000000100000000)
  region size 1024K, 6 young (6144K), 6 survivors (6144K)
 Metaspace       used 41025K, committed 41280K, reserved 1089536K
  class space    used 4980K, committed 5120K, reserved 1048576K
}
Event: 10.060 GC heap before
{Heap before GC invocations=12 (full 0):
 garbage-first heap   total 118784K, used 82081K [0x00000000c1400000, 0x0000000100000000)
  region size 1024K, 47 young (48128K), 6 survivors (6144K)
 Metaspace       used 46815K, committed 47168K, reserved 1097728K
  class space    used 5796K, committed 5952K, reserved 1048576K
}
Event: 10.092 GC heap after
{Heap after GC invocations=13 (full 0):
 garbage-first heap   total 118784K, used 44311K [0x00000000c1400000, 0x0000000100000000)
  region size 1024K, 5 young (5120K), 5 survivors (5120K)
 Metaspace       used 46815K, committed 47168K, reserved 1097728K
  class space    used 5796K, committed 5952K, reserved 1048576K
}
Event: 12.021 GC heap before
{Heap before GC invocations=13 (full 0):
 garbage-first heap   total 118784K, used 85271K [0x00000000c1400000, 0x0000000100000000)
  region size 1024K, 45 young (46080K), 5 survivors (5120K)
 Metaspace       used 50099K, committed 50368K, reserved 1097728K
  class space    used 6078K, committed 6208K, reserved 1048576K
}
Event: 12.070 GC heap after
{Heap after GC invocations=14 (full 0):
 garbage-first heap   total 118784K, used 52146K [0x00000000c1400000, 0x0000000100000000)
  region size 1024K, 6 young (6144K), 6 survivors (6144K)
 Metaspace       used 50099K, committed 50368K, reserved 1097728K
  class space    used 6078K, committed 6208K, reserved 1048576K
}
Event: 13.019 GC heap before
{Heap before GC invocations=14 (full 0):
 garbage-first heap   total 118784K, used 87986K [0x00000000c1400000, 0x0000000100000000)
  region size 1024K, 41 young (41984K), 6 survivors (6144K)
 Metaspace       used 50457K, committed 50688K, reserved 1097728K
  class space    used 6102K, committed 6208K, reserved 1048576K
}
Event: 13.059 GC heap after
{Heap after GC invocations=15 (full 0):
 garbage-first heap   total 118784K, used 58880K [0x00000000c1400000, 0x0000000100000000)
  region size 1024K, 6 young (6144K), 6 survivors (6144K)
 Metaspace       used 50457K, committed 50688K, reserved 1097728K
  class space    used 6102K, committed 6208K, reserved 1048576K
}
Event: 14.343 GC heap before
{Heap before GC invocations=15 (full 0):
 garbage-first heap   total 118784K, used 90624K [0x00000000c1400000, 0x0000000100000000)
  region size 1024K, 37 young (37888K), 6 survivors (6144K)
 Metaspace       used 52900K, committed 53184K, reserved 1097728K
  class space    used 6301K, committed 6464K, reserved 1048576K
}
Event: 14.376 GC heap after
{Heap after GC invocations=16 (full 0):
 garbage-first heap   total 118784K, used 62464K [0x00000000c1400000, 0x0000000100000000)
  region size 1024K, 4 young (4096K), 4 survivors (4096K)
 Metaspace       used 52900K, committed 53184K, reserved 1097728K
  class space    used 6301K, committed 6464K, reserved 1048576K
}
Event: 16.015 GC heap before
{Heap before GC invocations=16 (full 0):
 garbage-first heap   total 118784K, used 92160K [0x00000000c1400000, 0x0000000100000000)
  region size 1024K, 33 young (33792K), 4 survivors (4096K)
 Metaspace       used 54825K, committed 55104K, reserved 1097728K
  class space    used 6454K, committed 6592K, reserved 1048576K
}
Event: 16.043 GC heap after
{Heap after GC invocations=17 (full 0):
 garbage-first heap   total 143360K, used 66560K [0x00000000c1400000, 0x0000000100000000)
  region size 1024K, 4 young (4096K), 4 survivors (4096K)
 Metaspace       used 54825K, committed 55104K, reserved 1097728K
  class space    used 6454K, committed 6592K, reserved 1048576K
}

