# JRE version: Java(TM) SE Runtime Environment (17.0.3.1+2) (build 17.0.3.1+2-LTS-6)
# Java VM: Java HotSpot(TM) 64-Bit Server VM (17.0.3.1+2-LTS-6, mixed mode, sharing, tiered, compressed oops, compressed class ptrs, g1 gc, windows-amd64)
GC Precious Log:
 CPUs: 4 total, 4 available
 Memory: 4010M
 Large Page Support: Disabled
 NUMA Support: Disabled
 Compressed Oops: Enabled (32-bit)
 Heap Region Size: 1M
 Heap Min Capacity: 8M
 Heap Initial Capacity: 64M
 Heap Max Capacity: 2G
 Pre-touch: Disabled
 Parallel Workers: 4
 Concurrent Workers: 1
 Concurrent Refinement Workers: 4
 Periodic GC: Disabled
Heap:
 garbage-first heap   total 305152K, used 242681K [0x0000000080000000, 0x0000000100000000)
  region size 1024K, 90 young (92160K), 8 survivors (8192K)
 Metaspace       used 95262K, committed 96384K, reserved 512000K
  class space    used 12972K, committed 13440K, reserved 421888K
GC Heap History (20 events):
Event: 51.934 GC heap before
{Heap before GC invocations=38 (full 0):
 garbage-first heap   total 152576K, used 79174K [0x0000000080000000, 0x0000000100000000)
  region size 1024K, 7 young (7168K), 5 survivors (5120K)
 Metaspace       used 69743K, committed 70400K, reserved 487424K
  class space    used 9507K, committed 9792K, reserved 421888K
}
Event: 51.944 GC heap after
{Heap after GC invocations=39 (full 0):
 garbage-first heap   total 152576K, used 77162K [0x0000000080000000, 0x0000000100000000)
  region size 1024K, 1 young (1024K), 1 survivors (1024K)
 Metaspace       used 69743K, committed 70400K, reserved 487424K
  class space    used 9507K, committed 9792K, reserved 421888K
}
Event: 72.660 GC heap before
{Heap before GC invocations=39 (full 0):
 garbage-first heap   total 152576K, used 115050K [0x0000000080000000, 0x0000000100000000)
  region size 1024K, 38 young (38912K), 1 survivors (1024K)
 Metaspace       used 73673K, committed 74304K, reserved 487424K
  class space    used 10197K, committed 10496K, reserved 421888K
}
Event: 72.671 GC heap after
{Heap after GC invocations=40 (full 0):
 garbage-first heap   total 152576K, used 79568K [0x0000000080000000, 0x0000000100000000)
  region size 1024K, 4 young (4096K), 4 survivors (4096K)
 Metaspace       used 73673K, committed 74304K, reserved 487424K
  class space    used 10197K, committed 10496K, reserved 421888K
}
Event: 73.881 GC heap before
{Heap before GC invocations=41 (full 0):
 garbage-first heap   total 152576K, used 117456K [0x0000000080000000, 0x0000000100000000)
  region size 1024K, 41 young (41984K), 4 survivors (4096K)
 Metaspace       used 75585K, committed 76352K, reserved 495616K
  class space    used 10466K, committed 10816K, reserved 421888K
}
Event: 73.896 GC heap after
{Heap after GC invocations=42 (full 0):
 garbage-first heap   total 152576K, used 83241K [0x0000000080000000, 0x0000000100000000)
  region size 1024K, 6 young (6144K), 6 survivors (6144K)
 Metaspace       used 75585K, committed 76352K, reserved 495616K
  class space    used 10466K, committed 10816K, reserved 421888K
}
Event: 73.911 GC heap before
{Heap before GC invocations=42 (full 0):
 garbage-first heap   total 152576K, used 84265K [0x0000000080000000, 0x0000000100000000)
  region size 1024K, 7 young (7168K), 6 survivors (6144K)
 Metaspace       used 75593K, committed 76352K, reserved 495616K
  class space    used 10468K, committed 10816K, reserved 421888K
}
Event: 73.927 GC heap after
{Heap after GC invocations=43 (full 0):
 garbage-first heap   total 305152K, used 83806K [0x0000000080000000, 0x0000000100000000)
  region size 1024K, 1 young (1024K), 1 survivors (1024K)
 Metaspace       used 75593K, committed 76352K, reserved 495616K
  class space    used 10468K, committed 10816K, reserved 421888K
}
Event: 79.180 GC heap before
{Heap before GC invocations=43 (full 0):
 garbage-first heap   total 305152K, used 237406K [0x0000000080000000, 0x0000000100000000)
  region size 1024K, 141 young (144384K), 1 survivors (1024K)
 Metaspace       used 84220K, committed 85248K, reserved 503808K
  class space    used 11610K, committed 12096K, reserved 421888K
}
Event: 79.214 GC heap after
{Heap after GC invocations=44 (full 0):
 garbage-first heap   total 305152K, used 118503K [0x0000000080000000, 0x0000000100000000)
  region size 1024K, 18 young (18432K), 18 survivors (18432K)
 Metaspace       used 84220K, committed 85248K, reserved 503808K
  class space    used 11610K, committed 12096K, reserved 421888K
}
Event: 82.197 GC heap before
{Heap before GC invocations=44 (full 0):
 garbage-first heap   total 305152K, used 218855K [0x0000000080000000, 0x0000000100000000)
  region size 1024K, 116 young (118784K), 18 survivors (18432K)
 Metaspace       used 91980K, committed 93056K, reserved 503808K
  class space    used 12615K, committed 13120K, reserved 421888K
}
Event: 82.247 GC heap after
{Heap after GC invocations=45 (full 0):
 garbage-first heap   total 305152K, used 127715K [0x0000000080000000, 0x0000000100000000)
  region size 1024K, 10 young (10240K), 10 survivors (10240K)
 Metaspace       used 91980K, committed 93056K, reserved 503808K
  class space    used 12615K, committed 13120K, reserved 421888K
}
Event: 85.172 GC heap before
{Heap before GC invocations=45 (full 0):
 garbage-first heap   total 305152K, used 224995K [0x0000000080000000, 0x0000000100000000)
  region size 1024K, 105 young (107520K), 10 survivors (10240K)
 Metaspace       used 95013K, committed 96128K, reserved 512000K
  class space    used 12947K, committed 13440K, reserved 421888K
}
Event: 85.216 GC heap after
{Heap after GC invocations=46 (full 0):
 garbage-first heap   total 305152K, used 138670K [0x0000000080000000, 0x0000000100000000)
  region size 1024K, 11 young (11264K), 11 survivors (11264K)
 Metaspace       used 95013K, committed 96128K, reserved 512000K
  class space    used 12947K, committed 13440K, reserved 421888K
}
Event: 87.043 GC heap before
{Heap before GC invocations=46 (full 0):
 garbage-first heap   total 305152K, used 231854K [0x0000000080000000, 0x0000000100000000)
  region size 1024K, 103 young (105472K), 11 survivors (11264K)
 Metaspace       used 95028K, committed 96128K, reserved 512000K
  class space    used 12947K, committed 13440K, reserved 421888K
}
Event: 87.100 GC heap after
{Heap after GC invocations=47 (full 0):
 garbage-first heap   total 305152K, used 146836K [0x0000000080000000, 0x0000000100000000)
  region size 1024K, 8 young (8192K), 8 survivors (8192K)
 Metaspace       used 95028K, committed 96128K, reserved 512000K
  class space    used 12947K, committed 13440K, reserved 421888K
}
Event: 88.275 GC heap before
{Heap before GC invocations=47 (full 0):
 garbage-first heap   total 305152K, used 241044K [0x0000000080000000, 0x0000000100000000)
  region size 1024K, 100 young (102400K), 8 survivors (8192K)
 Metaspace       used 95028K, committed 96128K, reserved 512000K
  class space    used 12947K, committed 13440K, reserved 421888K
}
Event: 88.303 GC heap after
{Heap after GC invocations=48 (full 0):
 garbage-first heap   total 305152K, used 152576K [0x0000000080000000, 0x0000000100000000)
  region size 1024K, 13 young (13312K), 13 survivors (13312K)
 Metaspace       used 95028K, committed 96128K, reserved 512000K
  class space    used 12947K, committed 13440K, reserved 421888K
}
Event: 89.333 GC heap before
{Heap before GC invocations=48 (full 0):
 garbage-first heap   total 305152K, used 244736K [0x0000000080000000, 0x0000000100000000)
  region size 1024K, 103 young (105472K), 13 survivors (13312K)
 Metaspace       used 95029K, committed 96128K, reserved 512000K
  class space    used 12947K, committed 13440K, reserved 421888K
}
Event: 89.370 GC heap after
{Heap after GC invocations=49 (full 0):
 garbage-first heap   total 305152K, used 159737K [0x0000000080000000, 0x0000000100000000)
  region size 1024K, 8 young (8192K), 8 survivors (8192K)
 Metaspace       used 95029K, committed 96128K, reserved 512000K
  class space    used 12947K, committed 13440K, reserved 421888K
}

