# JRE version: OpenJDK Runtime Environment (11.0.12+7) (build 11.0.12+7-b1504.28-7817840)
# Java VM: OpenJDK 64-Bit Server VM (11.0.12+7-b1504.28-7817840, mixed mode, tiered, compressed oops, g1 gc, windows-amd64)
Heap:
 garbage-first heap   total 399360K, used 199401K [0x0000000080000000, 0x0000000100000000)
  region size 1024K, 1 young (1024K), 1 survivors (1024K)
 Metaspace       used 134463K, capacity 138626K, committed 138752K, reserved 645120K
  class space    used 17093K, capacity 18624K, committed 18688K, reserved 516096K
GC Heap History (20 events):
Event: 215.884 GC heap before
{Heap before GC invocations=95 (full 0):
 garbage-first heap   total 399360K, used 208571K [0x0000000080000000, 0x0000000100000000)
  region size 1024K, 19 young (19456K), 10 survivors (10240K)
 Metaspace       used 125287K, capacity 129299K, committed 129536K, reserved 628736K
  class space    used 16053K, capacity 17545K, committed 17664K, reserved 516096K
}
Event: 215.975 GC heap after
{Heap after GC invocations=96 (full 0):
 garbage-first heap   total 399360K, used 183268K [0x0000000080000000, 0x0000000100000000)
  region size 1024K, 2 young (2048K), 2 survivors (2048K)
 Metaspace       used 125287K, capacity 129299K, committed 129536K, reserved 628736K
  class space    used 16053K, capacity 17545K, committed 17664K, reserved 516096K
}
Event: 230.032 GC heap before
{Heap before GC invocations=96 (full 0):
 garbage-first heap   total 399360K, used 298980K [0x0000000080000000, 0x0000000100000000)
  region size 1024K, 116 young (118784K), 2 survivors (2048K)
 Metaspace       used 128363K, capacity 132319K, committed 132352K, reserved 630784K
  class space    used 16410K, capacity 17896K, committed 17920K, reserved 516096K
}
Event: 230.055 GC heap after
{Heap after GC invocations=97 (full 0):
 garbage-first heap   total 399360K, used 185619K [0x0000000080000000, 0x0000000100000000)
  region size 1024K, 4 young (4096K), 4 survivors (4096K)
 Metaspace       used 128363K, capacity 132319K, committed 132352K, reserved 630784K
  class space    used 16410K, capacity 17896K, committed 17920K, reserved 516096K
}
Event: 235.402 GC heap before
{Heap before GC invocations=98 (full 0):
 garbage-first heap   total 399360K, used 306451K [0x0000000080000000, 0x0000000100000000)
  region size 1024K, 123 young (125952K), 4 survivors (4096K)
 Metaspace       used 131229K, capacity 135339K, committed 135552K, reserved 634880K
  class space    used 16775K, capacity 18287K, committed 18304K, reserved 516096K
}
Event: 235.423 GC heap after
{Heap after GC invocations=99 (full 0):
 garbage-first heap   total 399360K, used 188913K [0x0000000080000000, 0x0000000100000000)
  region size 1024K, 7 young (7168K), 7 survivors (7168K)
 Metaspace       used 131229K, capacity 135339K, committed 135552K, reserved 634880K
  class space    used 16775K, capacity 18287K, committed 18304K, reserved 516096K
}
Event: 235.503 GC heap before
{Heap before GC invocations=99 (full 0):
 garbage-first heap   total 399360K, used 200177K [0x0000000080000000, 0x0000000100000000)
  region size 1024K, 19 young (19456K), 7 survivors (7168K)
 Metaspace       used 131237K, capacity 135345K, committed 135552K, reserved 634880K
  class space    used 16775K, capacity 18288K, committed 18304K, reserved 516096K
}
Event: 235.519 GC heap after
{Heap after GC invocations=100 (full 0):
 garbage-first heap   total 399360K, used 188608K [0x0000000080000000, 0x0000000100000000)
  region size 1024K, 2 young (2048K), 2 survivors (2048K)
 Metaspace       used 131237K, capacity 135345K, committed 135552K, reserved 634880K
  class space    used 16775K, capacity 18288K, committed 18304K, reserved 516096K
}
Event: 255.058 GC heap before
{Heap before GC invocations=100 (full 0):
 garbage-first heap   total 399360K, used 312512K [0x0000000080000000, 0x0000000100000000)
  region size 1024K, 124 young (126976K), 2 survivors (2048K)
 Metaspace       used 131687K, capacity 135877K, committed 136192K, reserved 634880K
  class space    used 16811K, capacity 18351K, committed 18432K, reserved 516096K
}
Event: 255.068 GC heap after
{Heap after GC invocations=101 (full 0):
 garbage-first heap   total 399360K, used 188435K [0x0000000080000000, 0x0000000100000000)
  region size 1024K, 2 young (2048K), 2 survivors (2048K)
 Metaspace       used 131687K, capacity 135877K, committed 136192K, reserved 634880K
  class space    used 16811K, capacity 18351K, committed 18432K, reserved 516096K
}
Event: 316.577 GC heap before
{Heap before GC invocations=101 (full 0):
 garbage-first heap   total 399360K, used 320531K [0x0000000080000000, 0x0000000100000000)
  region size 1024K, 131 young (134144K), 2 survivors (2048K)
 Metaspace       used 134349K, capacity 138546K, committed 138752K, reserved 636928K
  class space    used 17090K, capacity 18621K, committed 18688K, reserved 516096K
}
Event: 316.595 GC heap after
{Heap after GC invocations=102 (full 0):
 garbage-first heap   total 399360K, used 189054K [0x0000000080000000, 0x0000000100000000)
  region size 1024K, 2 young (2048K), 2 survivors (2048K)
 Metaspace       used 134349K, capacity 138546K, committed 138752K, reserved 636928K
  class space    used 17090K, capacity 18621K, committed 18688K, reserved 516096K
}
Event: 369.580 GC heap before
{Heap before GC invocations=102 (full 0):
 garbage-first heap   total 399360K, used 326270K [0x0000000080000000, 0x0000000100000000)
  region size 1024K, 136 young (139264K), 2 survivors (2048K)
 Metaspace       used 134432K, capacity 138559K, committed 138752K, reserved 636928K
  class space    used 17091K, capacity 18623K, committed 18688K, reserved 516096K
}
Event: 369.712 GC heap after
{Heap after GC invocations=103 (full 0):
 garbage-first heap   total 399360K, used 195916K [0x0000000080000000, 0x0000000100000000)
  region size 1024K, 9 young (9216K), 9 survivors (9216K)
 Metaspace       used 134432K, capacity 138559K, committed 138752K, reserved 636928K
  class space    used 17091K, capacity 18623K, committed 18688K, reserved 516096K
}
Event: 381.181 GC heap before
{Heap before GC invocations=104 (full 0):
 garbage-first heap   total 399360K, used 329036K [0x0000000080000000, 0x0000000100000000)
  region size 1024K, 139 young (142336K), 9 survivors (9216K)
 Metaspace       used 134457K, capacity 138623K, committed 138752K, reserved 636928K
  class space    used 17091K, capacity 18623K, committed 18688K, reserved 516096K
}
Event: 381.221 GC heap after
{Heap after GC invocations=105 (full 0):
 garbage-first heap   total 399360K, used 200745K [0x0000000080000000, 0x0000000100000000)
  region size 1024K, 14 young (14336K), 14 survivors (14336K)
 Metaspace       used 134457K, capacity 138623K, committed 138752K, reserved 636928K
  class space    used 17091K, capacity 18623K, committed 18688K, reserved 516096K
}
Event: 381.782 GC heap before
{Heap before GC invocations=105 (full 0):
 garbage-first heap   total 399360K, used 205865K [0x0000000080000000, 0x0000000100000000)
  region size 1024K, 19 young (19456K), 14 survivors (14336K)
 Metaspace       used 134457K, capacity 138623K, committed 138752K, reserved 636928K
  class space    used 17091K, capacity 18623K, committed 18688K, reserved 516096K
}
Event: 381.947 GC heap after
{Heap after GC invocations=106 (full 0):
 garbage-first heap   total 399360K, used 200369K [0x0000000080000000, 0x0000000100000000)
  region size 1024K, 2 young (2048K), 2 survivors (2048K)
 Metaspace       used 134457K, capacity 138623K, committed 138752K, reserved 636928K
  class space    used 17091K, capacity 18623K, committed 18688K, reserved 516096K
}
Event: 385.866 GC heap before
{Heap before GC invocations=106 (full 0):
 garbage-first heap   total 399360K, used 243377K [0x0000000080000000, 0x0000000100000000)
  region size 1024K, 45 young (46080K), 2 survivors (2048K)
 Metaspace       used 134463K, capacity 138626K, committed 138752K, reserved 643072K
  class space    used 17093K, capacity 18624K, committed 18688K, reserved 516096K
}
Event: 385.871 GC heap after
{Heap after GC invocations=107 (full 0):
 garbage-first heap   total 399360K, used 199401K [0x0000000080000000, 0x0000000100000000)
  region size 1024K, 1 young (1024K), 1 survivors (1024K)
 Metaspace       used 134463K, capacity 138626K, committed 138752K, reserved 643072K
  class space    used 17093K, capacity 18624K, committed 18688K, reserved 516096K
}

