# JRE version: Java(TM) SE Runtime Environment (17.0.3.1+2) (build 17.0.3.1+2-LTS-6)
# Java VM: Java HotSpot(TM) 64-Bit Server VM (17.0.3.1+2-LTS-6, mixed mode, sharing, tiered, compressed oops, compressed class ptrs, g1 gc, windows-amd64)
GC Precious Log:
 CPUs: 4 total, 4 available
 Memory: 4010M
 Large Page Support: Disabled
 NUMA Support: Disabled
 Compressed Oops: Enabled (32-bit)
 Heap Region Size: 1M
 Heap Min Capacity: 8M
 Heap Initial Capacity: 64M
 Heap Max Capacity: 2G
 Pre-touch: Disabled
 Parallel Workers: 4
 Concurrent Workers: 1
 Concurrent Refinement Workers: 4
 Periodic GC: Disabled
Heap:
 garbage-first heap   total 65536K, used 24576K [0x0000000080000000, 0x0000000100000000)
  region size 1024K, 8 young (8192K), 3 survivors (3072K)
 Metaspace       used 19853K, committed 20224K, reserved 446464K
  class space    used 2906K, committed 3072K, reserved 421888K
GC Heap History (12 events):
Event: 2.335 GC heap before
{Heap before GC invocations=0 (full 0):
 garbage-first heap   total 65536K, used 15360K [0x0000000080000000, 0x0000000100000000)
  region size 1024K, 13 young (13312K), 0 survivors (0K)
 Metaspace       used 962K, committed 1088K, reserved 430080K
  class space    used 74K, committed 128K, reserved 421888K
}
Event: 2.351 GC heap after
{Heap after GC invocations=1 (full 0):
 garbage-first heap   total 65536K, used 4008K [0x0000000080000000, 0x0000000100000000)
  region size 1024K, 2 young (2048K), 2 survivors (2048K)
 Metaspace       used 962K, committed 1088K, reserved 430080K
  class space    used 74K, committed 128K, reserved 421888K
}
Event: 6.292 GC heap before
{Heap before GC invocations=1 (full 0):
 garbage-first heap   total 65536K, used 20392K [0x0000000080000000, 0x0000000100000000)
  region size 1024K, 16 young (16384K), 2 survivors (2048K)
 Metaspace       used 3790K, committed 4032K, reserved 430080K
  class space    used 473K, committed 576K, reserved 421888K
}
Event: 6.301 GC heap after
{Heap after GC invocations=2 (full 0):
 garbage-first heap   total 65536K, used 9650K [0x0000000080000000, 0x0000000100000000)
  region size 1024K, 2 young (2048K), 2 survivors (2048K)
 Metaspace       used 3790K, committed 4032K, reserved 430080K
  class space    used 473K, committed 576K, reserved 421888K
}
Event: 8.224 GC heap before
{Heap before GC invocations=2 (full 0):
 garbage-first heap   total 65536K, used 29106K [0x0000000080000000, 0x0000000100000000)
  region size 1024K, 21 young (21504K), 2 survivors (2048K)
 Metaspace       used 3887K, committed 4096K, reserved 430080K
  class space    used 474K, committed 576K, reserved 421888K
}
Event: 8.230 GC heap after
{Heap after GC invocations=3 (full 0):
 garbage-first heap   total 65536K, used 11646K [0x0000000080000000, 0x0000000100000000)
  region size 1024K, 2 young (2048K), 2 survivors (2048K)
 Metaspace       used 3887K, committed 4096K, reserved 430080K
  class space    used 474K, committed 576K, reserved 421888K
}
Event: 12.366 GC heap before
{Heap before GC invocations=3 (full 0):
 garbage-first heap   total 65536K, used 44414K [0x0000000080000000, 0x0000000100000000)
  region size 1024K, 35 young (35840K), 2 survivors (2048K)
 Metaspace       used 10662K, committed 10944K, reserved 438272K
  class space    used 1490K, committed 1600K, reserved 421888K
}
Event: 12.377 GC heap after
{Heap after GC invocations=4 (full 0):
 garbage-first heap   total 65536K, used 17247K [0x0000000080000000, 0x0000000100000000)
  region size 1024K, 5 young (5120K), 5 survivors (5120K)
 Metaspace       used 10662K, committed 10944K, reserved 438272K
  class space    used 1490K, committed 1600K, reserved 421888K
}
Event: 15.769 GC heap before
{Heap before GC invocations=4 (full 0):
 garbage-first heap   total 65536K, used 41823K [0x0000000080000000, 0x0000000100000000)
  region size 1024K, 30 young (30720K), 5 survivors (5120K)
 Metaspace       used 15164K, committed 15488K, reserved 438272K
  class space    used 2167K, committed 2304K, reserved 421888K
}
Event: 15.781 GC heap after
{Heap after GC invocations=5 (full 0):
 garbage-first heap   total 65536K, used 19000K [0x0000000080000000, 0x0000000100000000)
  region size 1024K, 2 young (2048K), 2 survivors (2048K)
 Metaspace       used 15164K, committed 15488K, reserved 438272K
  class space    used 2167K, committed 2304K, reserved 421888K
}
Event: 19.631 GC heap before
{Heap before GC invocations=5 (full 0):
 garbage-first heap   total 65536K, used 45624K [0x0000000080000000, 0x0000000100000000)
  region size 1024K, 28 young (28672K), 2 survivors (2048K)
 Metaspace       used 19253K, committed 19520K, reserved 446464K
  class space    used 2817K, committed 2944K, reserved 421888K
}
Event: 19.638 GC heap after
{Heap after GC invocations=6 (full 0):
 garbage-first heap   total 65536K, used 20480K [0x0000000080000000, 0x0000000100000000)
  region size 1024K, 3 young (3072K), 3 survivors (3072K)
 Metaspace       used 19253K, committed 19520K, reserved 446464K
  class space    used 2817K, committed 2944K, reserved 421888K
}

