# JRE version: Java(TM) SE Runtime Environment (17.0.3.1+2) (build 17.0.3.1+2-LTS-6)
# Java VM: Java HotSpot(TM) 64-Bit Server VM (17.0.3.1+2-LTS-6, mixed mode, sharing, tiered, compressed oops, compressed class ptrs, g1 gc, windows-amd64)
GC Precious Log:
 CPUs: 4 total, 4 available
 Memory: 4010M
 Large Page Support: Disabled
 NUMA Support: Disabled
 Compressed Oops: Enabled (32-bit)
 Heap Region Size: 1M
 Heap Min Capacity: 8M
 Heap Initial Capacity: 64M
 Heap Max Capacity: 1004M
 Pre-touch: Disabled
 Parallel Workers: 4
 Concurrent Workers: 1
 Concurrent Refinement Workers: 4
 Periodic GC: Disabled
Heap:
 garbage-first heap   total 214016K, used 87976K [0x00000000c1400000, 0x0000000100000000)
  region size 1024K, 31 young (31744K), 1 survivors (1024K)
 Metaspace       used 53258K, committed 53568K, reserved 1097728K
  class space    used 6302K, committed 6464K, reserved 1048576K
GC Heap History (20 events):
Event: 14.050 GC heap before
{Heap before GC invocations=14 (full 0):
 garbage-first heap   total 65536K, used 48519K [0x00000000c1400000, 0x0000000100000000)
  region size 1024K, 17 young (17408K), 3 survivors (3072K)
 Metaspace       used 41031K, committed 41344K, reserved 1089536K
  class space    used 4979K, committed 5120K, reserved 1048576K
}
Event: 14.072 GC heap after
{Heap after GC invocations=15 (full 0):
 garbage-first heap   total 65536K, used 38825K [0x00000000c1400000, 0x0000000100000000)
  region size 1024K, 3 young (3072K), 3 survivors (3072K)
 Metaspace       used 41031K, committed 41344K, reserved 1089536K
  class space    used 4979K, committed 5120K, reserved 1048576K
}
Event: 14.424 GC heap before
{Heap before GC invocations=16 (full 0):
 garbage-first heap   total 73728K, used 51113K [0x00000000c1400000, 0x0000000100000000)
  region size 1024K, 15 young (15360K), 3 survivors (3072K)
 Metaspace       used 41144K, committed 41408K, reserved 1089536K
  class space    used 4979K, committed 5120K, reserved 1048576K
}
Event: 14.445 GC heap after
{Heap after GC invocations=17 (full 0):
 garbage-first heap   total 89088K, used 42688K [0x00000000c1400000, 0x0000000100000000)
  region size 1024K, 2 young (2048K), 2 survivors (2048K)
 Metaspace       used 41144K, committed 41408K, reserved 1089536K
  class space    used 4979K, committed 5120K, reserved 1048576K
}
Event: 15.806 GC heap before
{Heap before GC invocations=17 (full 0):
 garbage-first heap   total 89088K, used 65216K [0x00000000c1400000, 0x0000000100000000)
  region size 1024K, 25 young (25600K), 2 survivors (2048K)
 Metaspace       used 44561K, committed 44800K, reserved 1089536K
  class space    used 5451K, committed 5568K, reserved 1048576K
}
Event: 15.822 GC heap after
{Heap after GC invocations=18 (full 0):
 garbage-first heap   total 89088K, used 44736K [0x00000000c1400000, 0x0000000100000000)
  region size 1024K, 4 young (4096K), 4 survivors (4096K)
 Metaspace       used 44561K, committed 44800K, reserved 1089536K
  class space    used 5451K, committed 5568K, reserved 1048576K
}
Event: 18.139 GC heap before
{Heap before GC invocations=19 (full 0):
 garbage-first heap   total 89088K, used 67264K [0x00000000c1400000, 0x0000000100000000)
  region size 1024K, 27 young (27648K), 4 survivors (4096K)
 Metaspace       used 47448K, committed 47744K, reserved 1097728K
  class space    used 5860K, committed 6016K, reserved 1048576K
}
Event: 18.163 GC heap after
{Heap after GC invocations=20 (full 0):
 garbage-first heap   total 89088K, used 47896K [0x00000000c1400000, 0x0000000100000000)
  region size 1024K, 4 young (4096K), 4 survivors (4096K)
 Metaspace       used 47448K, committed 47744K, reserved 1097728K
  class space    used 5860K, committed 6016K, reserved 1048576K
}
Event: 22.023 GC heap before
{Heap before GC invocations=20 (full 0):
 garbage-first heap   total 89088K, used 68376K [0x00000000c1400000, 0x0000000100000000)
  region size 1024K, 24 young (24576K), 4 survivors (4096K)
 Metaspace       used 49731K, committed 49984K, reserved 1097728K
  class space    used 6061K, committed 6208K, reserved 1048576K
}
Event: 22.052 GC heap after
{Heap after GC invocations=21 (full 0):
 garbage-first heap   total 89088K, used 51493K [0x00000000c1400000, 0x0000000100000000)
  region size 1024K, 3 young (3072K), 3 survivors (3072K)
 Metaspace       used 49731K, committed 49984K, reserved 1097728K
  class space    used 6061K, committed 6208K, reserved 1048576K
}
Event: 24.110 GC heap before
{Heap before GC invocations=22 (full 0):
 garbage-first heap   total 89088K, used 69925K [0x00000000c1400000, 0x0000000100000000)
  region size 1024K, 21 young (21504K), 3 survivors (3072K)
 Metaspace       used 50247K, committed 50496K, reserved 1097728K
  class space    used 6078K, committed 6208K, reserved 1048576K
}
Event: 24.147 GC heap after
{Heap after GC invocations=23 (full 0):
 garbage-first heap   total 89088K, used 55296K [0x00000000c1400000, 0x0000000100000000)
  region size 1024K, 3 young (3072K), 3 survivors (3072K)
 Metaspace       used 50247K, committed 50496K, reserved 1097728K
  class space    used 6078K, committed 6208K, reserved 1048576K
}
Event: 24.182 GC heap before
{Heap before GC invocations=23 (full 0):
 garbage-first heap   total 89088K, used 56320K [0x00000000c1400000, 0x0000000100000000)
  region size 1024K, 4 young (4096K), 3 survivors (3072K)
 Metaspace       used 50252K, committed 50496K, reserved 1097728K
  class space    used 6078K, committed 6208K, reserved 1048576K
}
Event: 24.202 GC heap after
{Heap after GC invocations=24 (full 0):
 garbage-first heap   total 89088K, used 53525K [0x00000000c1400000, 0x0000000100000000)
  region size 1024K, 1 young (1024K), 1 survivors (1024K)
 Metaspace       used 50252K, committed 50496K, reserved 1097728K
  class space    used 6078K, committed 6208K, reserved 1048576K
}
Event: 25.143 GC heap before
{Heap before GC invocations=24 (full 0):
 garbage-first heap   total 89088K, used 69909K [0x00000000c1400000, 0x0000000100000000)
  region size 1024K, 17 young (17408K), 1 survivors (1024K)
 Metaspace       used 50312K, committed 50560K, reserved 1097728K
  class space    used 6079K, committed 6208K, reserved 1048576K
}
Event: 25.162 GC heap after
{Heap after GC invocations=25 (full 0):
 garbage-first heap   total 89088K, used 55960K [0x00000000c1400000, 0x0000000100000000)
  region size 1024K, 3 young (3072K), 3 survivors (3072K)
 Metaspace       used 50312K, committed 50560K, reserved 1097728K
  class space    used 6079K, committed 6208K, reserved 1048576K
}
Event: 25.778 GC heap before
{Heap before GC invocations=26 (full 0):
 garbage-first heap   total 102400K, used 71320K [0x00000000c1400000, 0x0000000100000000)
  region size 1024K, 18 young (18432K), 3 survivors (3072K)
 Metaspace       used 50456K, committed 50688K, reserved 1097728K
  class space    used 6092K, committed 6208K, reserved 1048576K
}
Event: 25.804 GC heap after
{Heap after GC invocations=27 (full 0):
 garbage-first heap   total 102400K, used 58335K [0x00000000c1400000, 0x0000000100000000)
  region size 1024K, 3 young (3072K), 3 survivors (3072K)
 Metaspace       used 50456K, committed 50688K, reserved 1097728K
  class space    used 6092K, committed 6208K, reserved 1048576K
}
Event: 25.929 GC heap before
{Heap before GC invocations=27 (full 0):
 garbage-first heap   total 102400K, used 60383K [0x00000000c1400000, 0x0000000100000000)
  region size 1024K, 5 young (5120K), 3 survivors (3072K)
 Metaspace       used 50766K, committed 51072K, reserved 1097728K
  class space    used 6134K, committed 6272K, reserved 1048576K
}
Event: 25.949 GC heap after
{Heap after GC invocations=28 (full 0):
 garbage-first heap   total 214016K, used 58280K [0x00000000c1400000, 0x0000000100000000)
  region size 1024K, 1 young (1024K), 1 survivors (1024K)
 Metaspace       used 50766K, committed 51072K, reserved 1097728K
  class space    used 6134K, committed 6272K, reserved 1048576K
}

